[debug] [2019-04-09T09:12:04.558Z] ----------------------------------------------------------------------
[debug] [2019-04-09T09:12:04.560Z] Command:       /usr/local/bin/node /usr/local/bin/firebase init storage
[debug] [2019-04-09T09:12:04.560Z] CLI Version:   6.6.0
[debug] [2019-04-09T09:12:04.560Z] Platform:      darwin
[debug] [2019-04-09T09:12:04.560Z] Node Version:  v10.15.0
[debug] [2019-04-09T09:12:04.561Z] Time:          Tue Apr 09 2019 16:12:04 GMT+0700 (Indochina Time)
[debug] [2019-04-09T09:12:04.561Z] ----------------------------------------------------------------------
[debug] 
[debug] [2019-04-09T09:12:04.570Z] > command requires scopes: ["email","openid","https://www.googleapis.com/auth/cloudplatformprojects.readonly","https://www.googleapis.com/auth/firebase","https://www.googleapis.com/auth/cloud-platform"]
[debug] [2019-04-09T09:12:04.570Z] > authorizing via signed-in user
[info] 
     ######## #### ########  ######## ########     ###     ######  ########
     ##        ##  ##     ## ##       ##     ##  ##   ##  ##       ##
     ######    ##  ########  ######   ########  #########  ######  ######
     ##        ##  ##    ##  ##       ##     ## ##     ##       ## ##
     ##       #### ##     ## ######## ########  ##     ##  ######  ########

You're about to initialize a Firebase project in this directory:

  /Users/haki/Study/ReactJs/FxCalculator/my-app

[info] 
=== Project Setup
[info] 
[info] First, let's associate this project directory with a Firebase project.
[info] You can create multiple project aliases by running firebase use --add, 
[info] but for now we'll just set up a default project.
[info] 
[debug] [2019-04-09T09:12:04.577Z] > refreshing access token with scopes: ["email","https://www.googleapis.com/auth/cloud-platform","https://www.googleapis.com/auth/cloudplatformprojects.readonly","https://www.googleapis.com/auth/firebase","openid"]
[debug] [2019-04-09T09:12:04.577Z] >>> HTTP REQUEST POST https://www.googleapis.com/oauth2/v3/token  
 <request body omitted>
[debug] [2019-04-09T09:12:04.802Z] <<< HTTP RESPONSE 200
[debug] [2019-04-09T09:12:04.812Z] >>> HTTP REQUEST GET https://firebase.googleapis.com/v1beta1/projects?page_size=100  
 
[debug] [2019-04-09T09:12:05.926Z] <<< HTTP RESPONSE 200
